{
  "RSpec": {
    "coverage": {
      "/Users/tanya/Work/ecommerce_service/product_service/app/models/product.rb": {
        "lines": [
          1,
          1,
          null,
          1,
          1,
          1,
          1,
          null,
          1,
          7,
          null,
          null,
          1,
          1,
          1,
          0,
          null,
          null,
          null,
          null
        ]
      },
      "/Users/tanya/Work/ecommerce_service/product_service/app/models/application_record.rb": {
        "lines": [
          1,
          1,
          null
        ]
      },
      "/Users/tanya/Work/ecommerce_service/product_service/app/controllers/products_controller.rb": {
        "lines": [
          1,
          1,
          1,
          null,
          1,
          1,
          1,
          null,
          null,
          1,
          0,
          0,
          null,
          0,
          null,
          null,
          null,
          1,
          2,
          null,
          2,
          1,
          null,
          1,
          null,
          null,
          null,
          null,
          1,
          0,
          0,
          null,
          0,
          null,
          null,
          null,
          1,
          0,
          0,
          null,
          0,
          null,
          null,
          null,
          1,
          null,
          1,
          0,
          null,
          0,
          null,
          null,
          1,
          2,
          null,
          null
        ]
      },
      "/Users/tanya/Work/ecommerce_service/product_service/app/controllers/application_controller.rb": {
        "lines": [
          1,
          null,
          1,
          null,
          1,
          2,
          2,
          null,
          2,
          0,
          null,
          null,
          2,
          2,
          0,
          0,
          null,
          null,
          null,
          null
        ]
      },
      "/Users/tanya/Work/ecommerce_service/product_service/app/serializers/product_serializer.rb": {
        "lines": [
          1,
          1,
          null,
          1,
          null,
          1,
          7,
          null,
          null
        ]
      }
    },
    "timestamp": 1701081078
  }
}
