{
  "RSpec": {
    "coverage": {
      "/Users/tanya/Work/ecommerce_service/product_service/app/models/product.rb": {
        "lines": [
          1,
          1,
          null,
          1,
          1,
          1,
          1,
          null,
          1,
          23,
          null,
          null,
          1,
          2,
          2,
          1,
          null,
          null,
          null,
          null
        ]
      },
      "/Users/tanya/Work/ecommerce_service/product_service/app/models/application_record.rb": {
        "lines": [
          1,
          1,
          null
        ]
      },
      "/Users/tanya/Work/ecommerce_service/product_service/app/controllers/products_controller.rb": {
        "lines": [
          1,
          1,
          1,
          null,
          1,
          1,
          1,
          null,
          null,
          1,
          1,
          1,
          null,
          0,
          null,
          null,
          null,
          1,
          5,
          null,
          5,
          1,
          null,
          4,
          null,
          null,
          null,
          null,
          1,
          4,
          1,
          null,
          3,
          null,
          null,
          null,
          1,
          1,
          1,
          null,
          0,
          null,
          null,
          null,
          1,
          null,
          1,
          9,
          null,
          3,
          null,
          null,
          1,
          9,
          null,
          null
        ]
      },
      "/Users/tanya/Work/ecommerce_service/product_service/app/controllers/application_controller.rb": {
        "lines": [
          1,
          null,
          1,
          null,
          1,
          12,
          12,
          null,
          12,
          0,
          null,
          null,
          12,
          12,
          0,
          0,
          null,
          null,
          null,
          null
        ]
      },
      "/Users/tanya/Work/ecommerce_service/product_service/app/serializers/product_serializer.rb": {
        "lines": [
          1,
          1,
          null,
          1,
          null,
          1,
          9,
          null,
          null
        ]
      }
    },
    "timestamp": 1701076288
  }
}
